-- The C compiler identification is GNU 9.4.0
-- The CXX compiler identification is GNU 9.4.0
-- Detecting C compiler ABI info
-- Detecting C compiler ABI info - done
-- Check for working C compiler: /usr/bin/cc - skipped
-- Detecting C compile features
-- Detecting C compile features - done
-- Detecting CXX compiler ABI info
-- Detecting CXX compiler ABI info - done
-- Check for working CXX compiler: /usr/bin/c++ - skipped
-- Detecting CXX compile features
-- Detecting CXX compile features - done
-- Found ament_cmake: 0.9.11 (/opt/ros/foxy/share/ament_cmake/cmake)
-- Found PythonInterp: /LocalSSD/anaconda3/bin/python3 (found suitable version "3.7", minimum required is "3") 
-- Using PYTHON_EXECUTABLE: /LocalSSD/anaconda3/bin/python3
-- Found sensor_msgs: 2.0.5 (/opt/ros/foxy/share/sensor_msgs/cmake)
-- Using all available rosidl_typesupport_c: rosidl_typesupport_fastrtps_c;rosidl_typesupport_introspection_c
-- Found rosidl_adapter: 1.3.0 (/opt/ros/foxy/share/rosidl_adapter/cmake)
-- Found OpenSSL: /usr/lib/x86_64-linux-gnu/libcrypto.so (found version "1.1.1f")  
-- Found FastRTPS: /opt/ros/foxy/include  
-- Using all available rosidl_typesupport_cpp: rosidl_typesupport_fastrtps_cpp;rosidl_typesupport_introspection_cpp
-- Found rosidl_default_generators: 1.0.1 (/opt/ros/foxy/share/rosidl_default_generators/cmake)
-- Found PythonInterp: /LocalSSD/anaconda3/bin/python3 (found version "3.7") 
-- Found ament_cmake_ros: 0.9.2 (/opt/ros/foxy/share/ament_cmake_ros/cmake)
-- Using all available rosidl_typesupport_c: rosidl_typesupport_fastrtps_c;rosidl_typesupport_introspection_c
-- Using all available rosidl_typesupport_cpp: rosidl_typesupport_fastrtps_cpp;rosidl_typesupport_introspection_cpp
-- Found PythonInterp: /LocalSSD/anaconda3/bin/python3 (found suitable version "3.7", minimum required is "3.5") 
-- Found python_cmake_module: 0.8.1 (/opt/ros/foxy/share/python_cmake_module/cmake)
-- Found PythonLibs: /LocalSSD/anaconda3/lib/libpython3.7m.so (found suitable version "3.7.0", minimum required is "3.5") 
-- Using PYTHON_EXECUTABLE: /LocalSSD/anaconda3/bin/python3
-- Using PYTHON_INCLUDE_DIRS: /LocalSSD/anaconda3/include/python3.7m
-- Using PYTHON_LIBRARIES: /LocalSSD/anaconda3/lib/libpython3.7m.so
-- Found PythonExtra: .so  
-- Using numpy include directory: /LocalSSD/anaconda3/lib/python3.7/site-packages/numpy/core/include
-- Found ament_lint_auto: 0.9.7 (/opt/ros/foxy/share/ament_lint_auto/cmake)
-- Added test 'copyright' to check source files copyright and LICENSE
-- Added test 'lint_cmake' to check CMake code style
-- Added test 'xmllint' to check XML markup files
-- Configuring done
-- Generating done
-- Build files have been written to: /home/l0107/Documents/town_ws/build/village_interfaces
[  6%] [34m[1mGenerating C code for ROS interfaces[0m
[  6%] [34m[1mGenerating C++ code for ROS interfaces[0m
cmake -E touch_nocreate: failed to update "cmake -E touch_nocreate: failed to update "rosidl_generator_c/village_interfaces/msg/detail/novel__functions.hrosidl_generator_c/village_interfaces/msg/detail/novel__type_support.h".
".
cmake -E touch_nocreate: failed to update "rosidl_generator_c/village_interfaces/msg/detail/novel__functions.c".
make[2]: *** [CMakeFiles/village_interfaces__rosidl_generator_c.dir/build.make:179: rosidl_generator_c/village_interfaces/msg/detail/novel__functions.h] Error 1
cmake -E touch_nocreate: failed to update "make[2]: *** Deleting file 'rosidl_generator_c/village_interfaces/msg/detail/novel__functions.h'
rosidl_generator_c/village_interfaces/msg/detail/novel__struct.h".
make[2]: unlink: rosidl_generator_c/village_interfaces/msg/detail/novel__functions.h: Permission denied
make[2]: *** Waiting for unfinished jobs....
make[2]: *** [CMakeFiles/village_interfaces__rosidl_generator_c.dir/build.make:188: rosidl_generator_c/village_interfaces/msg/detail/novel__functions.c] Error 1
make[2]: *** Deleting file 'rosidl_generator_c/village_interfaces/msg/detail/novel__functions.c'
make[2]: unlink: rosidl_generator_c/village_interfaces/msg/detail/novel__functions.c: Permission denied
make[2]: *** [CMakeFiles/village_interfaces__rosidl_generator_c.dir/build.make:185: rosidl_generator_c/village_interfaces/msg/detail/novel__type_support.h] Error 1
make[2]: *** Deleting file 'rosidl_generator_c/village_interfaces/msg/detail/novel__type_support.h'
make[2]: unlink: rosidl_generator_c/village_interfaces/msg/detail/novel__type_support.h: Permission denied
make[2]: *** [CMakeFiles/village_interfaces__rosidl_generator_c.dir/build.make:182: rosidl_generator_c/village_interfaces/msg/detail/novel__struct.h] Error 1
make[2]: *** Deleting file 'rosidl_generator_c/village_interfaces/msg/detail/novel__struct.h'
make[2]: unlink: rosidl_generator_c/village_interfaces/msg/detail/novel__struct.h: Permission denied
make[1]: *** [CMakeFiles/Makefile2:209: CMakeFiles/village_interfaces__rosidl_generator_c.dir/all] Error 2
make[1]: *** Waiting for unfinished jobs....
cmake -E touch_nocreate: failed to update "rosidl_generator_cpp/village_interfaces/msg/detail/novel__struct.hpp".
cmake -E touch_nocreate: failed to update "rosidl_generator_cpp/village_interfaces/msg/detail/novel__builder.hpp".
cmake -E touch_nocreate: failed to update "rosidl_generator_cpp/village_interfaces/msg/detail/novel__traits.hpp".
make[2]: *** [CMakeFiles/village_interfaces__cpp.dir/build.make:186: rosidl_generator_cpp/village_interfaces/msg/detail/novel__struct.hpp] Error 1
make[2]: *** Deleting file 'rosidl_generator_cpp/village_interfaces/msg/detail/novel__struct.hpp'
make[2]: unlink: rosidl_generator_cpp/village_interfaces/msg/detail/novel__struct.hpp: Permission denied
make[2]: *** Waiting for unfinished jobs....
make[2]: *** [CMakeFiles/village_interfaces__cpp.dir/build.make:183: rosidl_generator_cpp/village_interfaces/msg/detail/novel__builder.hpp] Error 1
make[2]: *** Deleting file 'rosidl_generator_cpp/village_interfaces/msg/detail/novel__builder.hpp'
make[2]: unlink: rosidl_generator_cpp/village_interfaces/msg/detail/novel__builder.hpp: Permission denied
make[2]: *** [CMakeFiles/village_interfaces__cpp.dir/build.make:189: rosidl_generator_cpp/village_interfaces/msg/detail/novel__traits.hpp] Error 1
make[2]: *** Deleting file 'rosidl_generator_cpp/village_interfaces/msg/detail/novel__traits.hpp'
make[2]: unlink: rosidl_generator_cpp/village_interfaces/msg/detail/novel__traits.hpp: Permission denied
make[1]: *** [CMakeFiles/Makefile2:342: CMakeFiles/village_interfaces__cpp.dir/all] Error 2
make: *** [Makefile:146: all] Error 2
