[0.086s] Invoking command in '/home/l0107/Documents/town_ws/build/village_interfaces': CMAKE_PREFIX_PATH=/opt/ros/foxy /usr/local/bin/cmake /home/l0107/Documents/town_ws/src/village_interfaces -DCMAKE_INSTALL_PREFIX=/home/l0107/Documents/town_ws/install/village_interfaces
[0.285s] -- The C compiler identification is GNU 9.4.0
[0.441s] -- The CXX compiler identification is GNU 9.4.0
[0.472s] -- Detecting C compiler ABI info
[0.838s] -- Detecting C compiler ABI info - done
[0.882s] -- Check for working C compiler: /usr/bin/cc - skipped
[0.882s] -- Detecting C compile features
[0.882s] -- Detecting C compile features - done
[0.911s] -- Detecting CXX compiler ABI info
[1.269s] -- Detecting CXX compiler ABI info - done
[1.310s] -- Check for working CXX compiler: /usr/bin/c++ - skipped
[1.310s] -- Detecting CXX compile features
[1.311s] -- Detecting CXX compile features - done
[1.338s] -- Found ament_cmake: 0.9.11 (/opt/ros/foxy/share/ament_cmake/cmake)
[1.362s] -- Found PythonInterp: /LocalSSD/anaconda3/bin/python3 (found suitable version "3.7", minimum required is "3") 
[1.362s] -- Using PYTHON_EXECUTABLE: /LocalSSD/anaconda3/bin/python3
[1.751s] -- Found sensor_msgs: 2.0.5 (/opt/ros/foxy/share/sensor_msgs/cmake)
[1.771s] -- Using all available rosidl_typesupport_c: rosidl_typesupport_fastrtps_c;rosidl_typesupport_introspection_c
[1.774s] -- Found rosidl_adapter: 1.3.0 (/opt/ros/foxy/share/rosidl_adapter/cmake)
[1.854s] -- Found OpenSSL: /usr/lib/x86_64-linux-gnu/libcrypto.so (found version "1.1.1f")  
[1.880s] -- Found FastRTPS: /opt/ros/foxy/include  
[1.941s] -- Using all available rosidl_typesupport_cpp: rosidl_typesupport_fastrtps_cpp;rosidl_typesupport_introspection_cpp
[2.055s] -- Found rosidl_default_generators: 1.0.1 (/opt/ros/foxy/share/rosidl_default_generators/cmake)
[2.346s] -- Found PythonInterp: /LocalSSD/anaconda3/bin/python3 (found version "3.7") 
[5.698s] -- Found ament_cmake_ros: 0.9.2 (/opt/ros/foxy/share/ament_cmake_ros/cmake)
[16.600s] -- Using all available rosidl_typesupport_c: rosidl_typesupport_fastrtps_c;rosidl_typesupport_introspection_c
[25.230s] -- Using all available rosidl_typesupport_cpp: rosidl_typesupport_fastrtps_cpp;rosidl_typesupport_introspection_cpp
[25.252s] -- Found PythonInterp: /LocalSSD/anaconda3/bin/python3 (found suitable version "3.7", minimum required is "3.5") 
[25.252s] -- Found python_cmake_module: 0.8.1 (/opt/ros/foxy/share/python_cmake_module/cmake)
[25.279s] -- Found PythonLibs: /LocalSSD/anaconda3/lib/libpython3.7m.so (found suitable version "3.7.0", minimum required is "3.5") 
[25.279s] -- Using PYTHON_EXECUTABLE: /LocalSSD/anaconda3/bin/python3
[25.279s] -- Using PYTHON_INCLUDE_DIRS: /LocalSSD/anaconda3/include/python3.7m
[25.279s] -- Using PYTHON_LIBRARIES: /LocalSSD/anaconda3/lib/libpython3.7m.so
[25.299s] -- Found PythonExtra: .so  
[27.983s] -- Using numpy include directory: /LocalSSD/anaconda3/lib/python3.7/site-packages/numpy/core/include
[27.999s] -- Found ament_lint_auto: 0.9.7 (/opt/ros/foxy/share/ament_lint_auto/cmake)
[28.535s] -- Added test 'copyright' to check source files copyright and LICENSE
[28.549s] -- Added test 'lint_cmake' to check CMake code style
[28.556s] -- Added test 'xmllint' to check XML markup files
[28.704s] -- Configuring done
[31.014s] -- Generating done
[31.296s] -- Build files have been written to: /home/l0107/Documents/town_ws/build/village_interfaces
[31.306s] Invoked command in '/home/l0107/Documents/town_ws/build/village_interfaces' returned '0': CMAKE_PREFIX_PATH=/opt/ros/foxy /usr/local/bin/cmake /home/l0107/Documents/town_ws/src/village_interfaces -DCMAKE_INSTALL_PREFIX=/home/l0107/Documents/town_ws/install/village_interfaces
[31.308s] Invoking command in '/home/l0107/Documents/town_ws/build/village_interfaces': CMAKE_PREFIX_PATH=/opt/ros/foxy /usr/local/bin/cmake --build /home/l0107/Documents/town_ws/build/village_interfaces -- -j56 -l56
[31.444s] [  6%] [34m[1mGenerating C code for ROS interfaces[0m
[31.450s] [  6%] [34m[1mGenerating C++ code for ROS interfaces[0m
[31.763s] cmake -E touch_nocreate: failed to update "cmake -E touch_nocreate: failed to update "rosidl_generator_c/village_interfaces/msg/detail/novel__functions.hrosidl_generator_c/village_interfaces/msg/detail/novel__type_support.h".
[31.763s] ".
[31.763s] cmake -E touch_nocreate: failed to update "rosidl_generator_c/village_interfaces/msg/detail/novel__functions.c".
[31.763s] make[2]: *** [CMakeFiles/village_interfaces__rosidl_generator_c.dir/build.make:179: rosidl_generator_c/village_interfaces/msg/detail/novel__functions.h] Error 1
[31.764s] cmake -E touch_nocreate: failed to update "make[2]: *** Deleting file 'rosidl_generator_c/village_interfaces/msg/detail/novel__functions.h'
[31.764s] rosidl_generator_c/village_interfaces/msg/detail/novel__struct.h".
[31.764s] make[2]: unlink: rosidl_generator_c/village_interfaces/msg/detail/novel__functions.h: Permission denied
[31.764s] make[2]: *** Waiting for unfinished jobs....
[31.764s] make[2]: *** [CMakeFiles/village_interfaces__rosidl_generator_c.dir/build.make:188: rosidl_generator_c/village_interfaces/msg/detail/novel__functions.c] Error 1
[31.764s] make[2]: *** Deleting file 'rosidl_generator_c/village_interfaces/msg/detail/novel__functions.c'
[31.764s] make[2]: unlink: rosidl_generator_c/village_interfaces/msg/detail/novel__functions.c: Permission denied
[31.764s] make[2]: *** [CMakeFiles/village_interfaces__rosidl_generator_c.dir/build.make:185: rosidl_generator_c/village_interfaces/msg/detail/novel__type_support.h] Error 1
[31.764s] make[2]: *** Deleting file 'rosidl_generator_c/village_interfaces/msg/detail/novel__type_support.h'
[31.764s] make[2]: unlink: rosidl_generator_c/village_interfaces/msg/detail/novel__type_support.h: Permission denied
[31.764s] make[2]: *** [CMakeFiles/village_interfaces__rosidl_generator_c.dir/build.make:182: rosidl_generator_c/village_interfaces/msg/detail/novel__struct.h] Error 1
[31.764s] make[2]: *** Deleting file 'rosidl_generator_c/village_interfaces/msg/detail/novel__struct.h'
[31.764s] make[2]: unlink: rosidl_generator_c/village_interfaces/msg/detail/novel__struct.h: Permission denied
[31.764s] make[1]: *** [CMakeFiles/Makefile2:209: CMakeFiles/village_interfaces__rosidl_generator_c.dir/all] Error 2
[31.765s] make[1]: *** Waiting for unfinished jobs....
[31.768s] cmake -E touch_nocreate: failed to update "rosidl_generator_cpp/village_interfaces/msg/detail/novel__struct.hpp".
[31.769s] cmake -E touch_nocreate: failed to update "rosidl_generator_cpp/village_interfaces/msg/detail/novel__builder.hpp".
[31.769s] cmake -E touch_nocreate: failed to update "rosidl_generator_cpp/village_interfaces/msg/detail/novel__traits.hpp".
[31.769s] make[2]: *** [CMakeFiles/village_interfaces__cpp.dir/build.make:186: rosidl_generator_cpp/village_interfaces/msg/detail/novel__struct.hpp] Error 1
[31.769s] make[2]: *** Deleting file 'rosidl_generator_cpp/village_interfaces/msg/detail/novel__struct.hpp'
[31.769s] make[2]: unlink: rosidl_generator_cpp/village_interfaces/msg/detail/novel__struct.hpp: Permission denied
[31.769s] make[2]: *** Waiting for unfinished jobs....
[31.770s] make[2]: *** [CMakeFiles/village_interfaces__cpp.dir/build.make:183: rosidl_generator_cpp/village_interfaces/msg/detail/novel__builder.hpp] Error 1
[31.770s] make[2]: *** Deleting file 'rosidl_generator_cpp/village_interfaces/msg/detail/novel__builder.hpp'
[31.770s] make[2]: unlink: rosidl_generator_cpp/village_interfaces/msg/detail/novel__builder.hpp: Permission denied
[31.770s] make[2]: *** [CMakeFiles/village_interfaces__cpp.dir/build.make:189: rosidl_generator_cpp/village_interfaces/msg/detail/novel__traits.hpp] Error 1
[31.770s] make[2]: *** Deleting file 'rosidl_generator_cpp/village_interfaces/msg/detail/novel__traits.hpp'
[31.770s] make[2]: unlink: rosidl_generator_cpp/village_interfaces/msg/detail/novel__traits.hpp: Permission denied
[31.770s] make[1]: *** [CMakeFiles/Makefile2:342: CMakeFiles/village_interfaces__cpp.dir/all] Error 2
[31.770s] make: *** [Makefile:146: all] Error 2
[31.772s] Invoked command in '/home/l0107/Documents/town_ws/build/village_interfaces' returned '2': CMAKE_PREFIX_PATH=/opt/ros/foxy /usr/local/bin/cmake --build /home/l0107/Documents/town_ws/build/village_interfaces -- -j56 -l56
